<?xml version="1.0" encoding="UTF-8"?>
<!-- Generated by org.testng.reporters.JUnitXMLReporter -->
<testsuite ignored="0" hostname="DESKTOP-GUPA5RI" failures="0" tests="4" name="Default test" time="5.107" errors="0" timestamp="2021-08-03T23:15:52 EDT">
  <testcase classname="com.qa.APITestFunction.getCallTest" name="GetCall" time="3.754"/>
  <testcase classname="com.qa.APITestFunction.getCallTest" name="deleteCall" time="0.394"/>
  <testcase classname="com.qa.APITestFunction.getCallTest" name="postCall" time="0.411"/>
  <testcase classname="com.qa.APITestFunction.getCallTest" name="putCall" time="0.488"/>
</testsuite> <!-- Default test -->
