<?xml version="1.0" encoding="UTF-8"?>
<testng-results ignored="0" total="4" passed="4" failed="0" skipped="0">
  <reporter-output>
  </reporter-output>
  <suite started-at="2021-08-03T23:15:47 EDT" name="Default suite" finished-at="2021-08-03T23:15:52 EDT" duration-ms="5107">
    <groups>
    </groups>
    <test started-at="2021-08-03T23:15:47 EDT" name="Default test" finished-at="2021-08-03T23:15:52 EDT" duration-ms="5107">
      <class name="com.qa.APITestFunction.getCallTest">
        <test-method signature="GetCall()[pri:0, instance:com.qa.APITestFunction.getCallTest@2525ff7e]" started-at="2021-08-03T23:15:47 EDT" name="GetCall" finished-at="2021-08-03T23:15:51 EDT" duration-ms="3754" status="PASS">
          <reporter-output>
          </reporter-output>
        </test-method> <!-- GetCall -->
        <test-method signature="deleteCall()[pri:0, instance:com.qa.APITestFunction.getCallTest@2525ff7e]" started-at="2021-08-03T23:15:51 EDT" name="deleteCall" finished-at="2021-08-03T23:15:51 EDT" duration-ms="394" status="PASS">
          <reporter-output>
          </reporter-output>
        </test-method> <!-- deleteCall -->
        <test-method signature="postCall()[pri:0, instance:com.qa.APITestFunction.getCallTest@2525ff7e]" started-at="2021-08-03T23:15:51 EDT" name="postCall" finished-at="2021-08-03T23:15:51 EDT" duration-ms="411" status="PASS">
          <reporter-output>
          </reporter-output>
        </test-method> <!-- postCall -->
        <test-method signature="putCall()[pri:0, instance:com.qa.APITestFunction.getCallTest@2525ff7e]" started-at="2021-08-03T23:15:51 EDT" name="putCall" finished-at="2021-08-03T23:15:52 EDT" duration-ms="488" status="PASS">
          <reporter-output>
          </reporter-output>
        </test-method> <!-- putCall -->
      </class> <!-- com.qa.APITestFunction.getCallTest -->
    </test> <!-- Default test -->
  </suite> <!-- Default suite -->
</testng-results>
