<?xml version="1.0" encoding="UTF-8"?>
<testng-results ignored="0" total="2" passed="2" failed="0" skipped="0">
  <reporter-output>
  </reporter-output>
  <suite started-at="2021-08-03T17:27:47 EDT" name="Default suite" finished-at="2021-08-03T17:27:50 EDT" duration-ms="2693">
    <groups>
    </groups>
    <test started-at="2021-08-03T17:27:47 EDT" name="Default test" finished-at="2021-08-03T17:27:50 EDT" duration-ms="2693">
      <class name="com.qa.APITestFunction.getCallTest">
        <test-method signature="f()[pri:0, instance:com.qa.APITestFunction.getCallTest@2e1d27ba]" started-at="2021-08-03T17:27:47 EDT" name="f" finished-at="2021-08-03T17:27:50 EDT" duration-ms="2621" status="PASS">
          <reporter-output>
          </reporter-output>
        </test-method> <!-- f -->
        <test-method signature="test002()[pri:0, instance:com.qa.APITestFunction.getCallTest@2e1d27ba]" started-at="2021-08-03T17:27:50 EDT" name="test002" finished-at="2021-08-03T17:27:50 EDT" duration-ms="1" status="PASS">
          <reporter-output>
          </reporter-output>
        </test-method> <!-- test002 -->
      </class> <!-- com.qa.APITestFunction.getCallTest -->
    </test> <!-- Default test -->
  </suite> <!-- Default suite -->
</testng-results>
